<?xml version="1.0" encoding="UTF-8"?>
<testng-results skipped="0" failed="0" total="1" passed="1">
  <reporter-output>
  </reporter-output>
  <suite name="Default suite" duration-ms="29799" started-at="2014-12-14T11:58:53Z" finished-at="2014-12-14T11:59:23Z">
    <groups>
    </groups>
    <test name="Default test" duration-ms="29799" started-at="2014-12-14T11:58:53Z" finished-at="2014-12-14T11:59:23Z">
      <class name="TestNGSeleniumTest">
        <test-method status="PASS" signature="setUp()[pri:0, instance:TestNGSeleniumTest@1dff3a2]" name="setUp" is-config="true" duration-ms="21111" started-at="2014-12-14T17:28:53Z" finished-at="2014-12-14T17:29:14Z">
          <reporter-output>
          </reporter-output>
        </test-method> <!-- setUp -->
        <test-method status="PASS" signature="testFindElements()[pri:0, instance:TestNGSeleniumTest@1dff3a2]" name="testFindElements" duration-ms="8250" started-at="2014-12-14T17:29:14Z" finished-at="2014-12-14T17:29:23Z">
          <reporter-output>
          </reporter-output>
        </test-method> <!-- testFindElements -->
        <test-method status="PASS" signature="tearDown()[pri:0, instance:TestNGSeleniumTest@1dff3a2]" name="tearDown" is-config="true" duration-ms="422" started-at="2014-12-14T17:29:23Z" finished-at="2014-12-14T17:29:23Z">
          <reporter-output>
          </reporter-output>
        </test-method> <!-- tearDown -->
      </class> <!-- TestNGSeleniumTest -->
    </test> <!-- Default test -->
  </suite> <!-- Default suite -->
</testng-results>
