<?xml version="1.0" encoding="UTF-8"?>
<testng-results skipped="0" failed="0" total="1" passed="1">
  <reporter-output>
  </reporter-output>
  <suite name="Suite" duration-ms="20438" started-at="2014-12-14T11:59:53Z" finished-at="2014-12-14T12:00:13Z">
    <groups>
    </groups>
    <test name="Test" duration-ms="20438" started-at="2014-12-14T11:59:53Z" finished-at="2014-12-14T12:00:13Z">
      <class name="TestNGSeleniumTest">
        <test-method status="PASS" signature="setUp()[pri:0, instance:TestNGSeleniumTest@5e3974]" name="setUp" is-config="true" duration-ms="13500" started-at="2014-12-14T17:29:53Z" finished-at="2014-12-14T17:30:07Z">
          <reporter-output>
          </reporter-output>
        </test-method> <!-- setUp -->
        <test-method status="PASS" signature="testFindElements()[pri:0, instance:TestNGSeleniumTest@5e3974]" name="testFindElements" duration-ms="6407" started-at="2014-12-14T17:30:07Z" finished-at="2014-12-14T17:30:13Z">
          <reporter-output>
          </reporter-output>
        </test-method> <!-- testFindElements -->
        <test-method status="PASS" signature="tearDown()[pri:0, instance:TestNGSeleniumTest@5e3974]" name="tearDown" is-config="true" duration-ms="484" started-at="2014-12-14T17:30:13Z" finished-at="2014-12-14T17:30:13Z">
          <reporter-output>
          </reporter-output>
        </test-method> <!-- tearDown -->
      </class> <!-- TestNGSeleniumTest -->
    </test> <!-- Test -->
  </suite> <!-- Suite -->
</testng-results>
